<?xml version="1.0" encoding="UTF-8"?>
<!-- Generated by org.testng.reporters.JUnitXMLReporter -->
<testsuite hostname="DESKTOP-PQJJUA9" ignored="0" name="Simple Test" tests="2" failures="1" timestamp="2022-10-18T16:15:24 IST" time="20.58" errors="0">
  <testcase name="getTitle" time="0.026" classname="com.testngrunner.TestNgRunner"/>
  <testcase name="getTitle2" time="0.014" classname="com.testngrunner.TestNgRunner">
    <failure type="java.lang.AssertionError" message="expected [gl] but found [OrangeHRM]">
      <![CDATA[java.lang.AssertionError: expected [gl] but found [OrangeHRM]
at com.testngrunner.TestNgRunner.getTitle2(TestNgRunner.java:35)
at java.util.ArrayList.forEach(ArrayList.java:1259)
... Removed 33 stack frames]]>
    </failure>
  </testcase> <!-- getTitle2 -->
</testsuite> <!-- Simple Test -->
